C:\USERS\STUDENT\DESKTOP\SO_GIT\LAB09-TASKS\WIN\7-SORT\DEBUG\7-SORT.EXE.EMBED.MANIFEST
C:\USERS\STUDENT\DESKTOP\SO_GIT\LAB09-TASKS\WIN\7-SORT\DEBUG\7-SORT.EXE.EMBED.MANIFEST.RES
C:\USERS\STUDENT\DESKTOP\SO_GIT\LAB09-TASKS\WIN\7-SORT\DEBUG\7-SORT.EXE.INTERMEDIATE.MANIFEST
C:\Users\Student\Desktop\SO_Git\lab09-tasks\win\7-sort\Debug\7-sort.write.1.tlog
C:\Users\Student\Desktop\SO_Git\lab09-tasks\win\7-sort\Debug\7-sort_manifest.rc
C:\Users\Student\Desktop\SO_Git\lab09-tasks\win\7-sort\Debug\cl.command.1.tlog
C:\Users\Student\Desktop\SO_Git\lab09-tasks\win\7-sort\Debug\CL.read.1.tlog
C:\Users\Student\Desktop\SO_Git\lab09-tasks\win\7-sort\Debug\CL.write.1.tlog
C:\Users\Student\Desktop\SO_Git\lab09-tasks\win\7-sort\Debug\link.3728.read.1.tlog
C:\Users\Student\Desktop\SO_Git\lab09-tasks\win\7-sort\Debug\link.3728.write.1.tlog
C:\Users\Student\Desktop\SO_Git\lab09-tasks\win\7-sort\Debug\link.3728-cvtres.read.1.tlog
C:\Users\Student\Desktop\SO_Git\lab09-tasks\win\7-sort\Debug\link.3728-cvtres.write.1.tlog
C:\Users\Student\Desktop\SO_Git\lab09-tasks\win\7-sort\Debug\link.command.1.tlog
C:\Users\Student\Desktop\SO_Git\lab09-tasks\win\7-sort\Debug\link.read.1.tlog
C:\Users\Student\Desktop\SO_Git\lab09-tasks\win\7-sort\Debug\link.write.1.tlog
C:\Users\Student\Desktop\SO_Git\lab09-tasks\win\7-sort\Debug\link-cvtres.read.1.tlog
C:\Users\Student\Desktop\SO_Git\lab09-tasks\win\7-sort\Debug\link-cvtres.write.1.tlog
C:\Users\Student\Desktop\SO_Git\lab09-tasks\win\7-sort\Debug\mt.command.1.tlog
C:\Users\Student\Desktop\SO_Git\lab09-tasks\win\7-sort\Debug\mt.read.1.tlog
C:\Users\Student\Desktop\SO_Git\lab09-tasks\win\7-sort\Debug\mt.write.1.tlog
C:\Users\Student\Desktop\SO_Git\lab09-tasks\win\7-sort\Debug\rc.command.1.tlog
C:\Users\Student\Desktop\SO_Git\lab09-tasks\win\7-sort\Debug\rc.read.1.tlog
C:\Users\Student\Desktop\SO_Git\lab09-tasks\win\7-sort\Debug\rc.write.1.tlog
C:\USERS\STUDENT\DESKTOP\SO_GIT\LAB09-TASKS\WIN\7-SORT\DEBUG\SORT.OBJ
C:\Users\Student\Desktop\SO_Git\lab09-tasks\win\7-sort\Debug\vc100.idb
C:\USERS\STUDENT\DESKTOP\SO_GIT\LAB09-TASKS\WIN\7-SORT\DEBUG\VC100.PDB
C:\USERS\STUDENT\DESKTOP\SO_GIT\LAB09-TASKS\WIN\DEBUG\7-SORT.EXE
C:\USERS\STUDENT\DESKTOP\SO_GIT\LAB09-TASKS\WIN\DEBUG\7-SORT.ILK
C:\USERS\STUDENT\DESKTOP\SO_GIT\LAB09-TASKS\WIN\DEBUG\7-SORT.PDB
