C:\USERS\STUDENT\DESKTOP\SO_GIT\LAB09-TASKS\WIN\4-TLS\DEBUG\4-TLS.EXE.EMBED.MANIFEST
C:\USERS\STUDENT\DESKTOP\SO_GIT\LAB09-TASKS\WIN\4-TLS\DEBUG\4-TLS.EXE.EMBED.MANIFEST.RES
C:\USERS\STUDENT\DESKTOP\SO_GIT\LAB09-TASKS\WIN\4-TLS\DEBUG\4-TLS.EXE.INTERMEDIATE.MANIFEST
C:\Users\Student\Desktop\SO_Git\lab09-tasks\win\4-TLS\Debug\4-TLS_manifest.rc
C:\Users\Student\Desktop\SO_Git\lab09-tasks\win\4-TLS\Debug\cl.command.1.tlog
C:\Users\Student\Desktop\SO_Git\lab09-tasks\win\4-TLS\Debug\CL.read.1.tlog
C:\Users\Student\Desktop\SO_Git\lab09-tasks\win\4-TLS\Debug\CL.write.1.tlog
C:\Users\Student\Desktop\SO_Git\lab09-tasks\win\4-TLS\Debug\link.3032.read.1.tlog
C:\Users\Student\Desktop\SO_Git\lab09-tasks\win\4-TLS\Debug\link.3032.write.1.tlog
C:\Users\Student\Desktop\SO_Git\lab09-tasks\win\4-TLS\Debug\link.3032-cvtres.read.1.tlog
C:\Users\Student\Desktop\SO_Git\lab09-tasks\win\4-TLS\Debug\link.3032-cvtres.write.1.tlog
C:\Users\Student\Desktop\SO_Git\lab09-tasks\win\4-TLS\Debug\link.command.1.tlog
C:\Users\Student\Desktop\SO_Git\lab09-tasks\win\4-TLS\Debug\link.read.1.tlog
C:\Users\Student\Desktop\SO_Git\lab09-tasks\win\4-TLS\Debug\link.write.1.tlog
C:\Users\Student\Desktop\SO_Git\lab09-tasks\win\4-TLS\Debug\link-cvtres.read.1.tlog
C:\Users\Student\Desktop\SO_Git\lab09-tasks\win\4-TLS\Debug\link-cvtres.write.1.tlog
C:\Users\Student\Desktop\SO_Git\lab09-tasks\win\4-TLS\Debug\mt.command.1.tlog
C:\Users\Student\Desktop\SO_Git\lab09-tasks\win\4-TLS\Debug\mt.read.1.tlog
C:\Users\Student\Desktop\SO_Git\lab09-tasks\win\4-TLS\Debug\mt.write.1.tlog
C:\Users\Student\Desktop\SO_Git\lab09-tasks\win\4-TLS\Debug\rc.command.1.tlog
C:\Users\Student\Desktop\SO_Git\lab09-tasks\win\4-TLS\Debug\rc.read.1.tlog
C:\Users\Student\Desktop\SO_Git\lab09-tasks\win\4-TLS\Debug\rc.write.1.tlog
C:\USERS\STUDENT\DESKTOP\SO_GIT\LAB09-TASKS\WIN\4-TLS\DEBUG\TLS.OBJ
C:\Users\Student\Desktop\SO_Git\lab09-tasks\win\4-TLS\Debug\vc100.idb
C:\USERS\STUDENT\DESKTOP\SO_GIT\LAB09-TASKS\WIN\4-TLS\DEBUG\VC100.PDB
C:\USERS\STUDENT\DESKTOP\SO_GIT\LAB09-TASKS\WIN\DEBUG\4-TLS.EXE
C:\USERS\STUDENT\DESKTOP\SO_GIT\LAB09-TASKS\WIN\DEBUG\4-TLS.ILK
C:\USERS\STUDENT\DESKTOP\SO_GIT\LAB09-TASKS\WIN\DEBUG\4-TLS.PDB
