C:\USERS\STUDENT\DESKTOP\SO_GIT\LAB09-TASKS\WIN\6-BARRIER\DEBUG\6-BARRIER.EXE.EMBED.MANIFEST
C:\USERS\STUDENT\DESKTOP\SO_GIT\LAB09-TASKS\WIN\6-BARRIER\DEBUG\6-BARRIER.EXE.EMBED.MANIFEST.RES
C:\USERS\STUDENT\DESKTOP\SO_GIT\LAB09-TASKS\WIN\6-BARRIER\DEBUG\6-BARRIER.EXE.INTERMEDIATE.MANIFEST
C:\Users\Student\Desktop\SO_Git\lab09-tasks\win\6-Barrier\Debug\6-Barrier_manifest.rc
C:\USERS\STUDENT\DESKTOP\SO_GIT\LAB09-TASKS\WIN\6-BARRIER\DEBUG\BARRIER.OBJ
C:\Users\Student\Desktop\SO_Git\lab09-tasks\win\6-Barrier\Debug\cl.command.1.tlog
C:\Users\Student\Desktop\SO_Git\lab09-tasks\win\6-Barrier\Debug\CL.read.1.tlog
C:\Users\Student\Desktop\SO_Git\lab09-tasks\win\6-Barrier\Debug\CL.write.1.tlog
C:\Users\Student\Desktop\SO_Git\lab09-tasks\win\6-Barrier\Debug\link.956.read.1.tlog
C:\Users\Student\Desktop\SO_Git\lab09-tasks\win\6-Barrier\Debug\link.956.write.1.tlog
C:\Users\Student\Desktop\SO_Git\lab09-tasks\win\6-Barrier\Debug\link.956-cvtres.read.1.tlog
C:\Users\Student\Desktop\SO_Git\lab09-tasks\win\6-Barrier\Debug\link.956-cvtres.write.1.tlog
C:\Users\Student\Desktop\SO_Git\lab09-tasks\win\6-Barrier\Debug\link.command.1.tlog
C:\Users\Student\Desktop\SO_Git\lab09-tasks\win\6-Barrier\Debug\link.read.1.tlog
C:\Users\Student\Desktop\SO_Git\lab09-tasks\win\6-Barrier\Debug\link.write.1.tlog
C:\Users\Student\Desktop\SO_Git\lab09-tasks\win\6-Barrier\Debug\link-cvtres.read.1.tlog
C:\Users\Student\Desktop\SO_Git\lab09-tasks\win\6-Barrier\Debug\link-cvtres.write.1.tlog
C:\Users\Student\Desktop\SO_Git\lab09-tasks\win\6-Barrier\Debug\mt.command.1.tlog
C:\Users\Student\Desktop\SO_Git\lab09-tasks\win\6-Barrier\Debug\mt.read.1.tlog
C:\Users\Student\Desktop\SO_Git\lab09-tasks\win\6-Barrier\Debug\mt.write.1.tlog
C:\Users\Student\Desktop\SO_Git\lab09-tasks\win\6-Barrier\Debug\rc.command.1.tlog
C:\Users\Student\Desktop\SO_Git\lab09-tasks\win\6-Barrier\Debug\rc.read.1.tlog
C:\Users\Student\Desktop\SO_Git\lab09-tasks\win\6-Barrier\Debug\rc.write.1.tlog
C:\Users\Student\Desktop\SO_Git\lab09-tasks\win\6-Barrier\Debug\vc100.idb
C:\USERS\STUDENT\DESKTOP\SO_GIT\LAB09-TASKS\WIN\6-BARRIER\DEBUG\VC100.PDB
C:\USERS\STUDENT\DESKTOP\SO_GIT\LAB09-TASKS\WIN\DEBUG\6-BARRIER.EXE
C:\USERS\STUDENT\DESKTOP\SO_GIT\LAB09-TASKS\WIN\DEBUG\6-BARRIER.ILK
C:\USERS\STUDENT\DESKTOP\SO_GIT\LAB09-TASKS\WIN\DEBUG\6-BARRIER.PDB
