C:\USERS\STUDENT\DESKTOP\SO_GIT\LAB09-TASKS\WIN\8-DEAN\DEBUG\8-DEAN.EXE.EMBED.MANIFEST
C:\USERS\STUDENT\DESKTOP\SO_GIT\LAB09-TASKS\WIN\8-DEAN\DEBUG\8-DEAN.EXE.EMBED.MANIFEST.RES
C:\USERS\STUDENT\DESKTOP\SO_GIT\LAB09-TASKS\WIN\8-DEAN\DEBUG\8-DEAN.EXE.INTERMEDIATE.MANIFEST
C:\Users\Student\Desktop\SO_Git\lab09-tasks\win\8-dean\Debug\8-dean_manifest.rc
C:\Users\Student\Desktop\SO_Git\lab09-tasks\win\8-dean\Debug\cl.command.1.tlog
C:\Users\Student\Desktop\SO_Git\lab09-tasks\win\8-dean\Debug\CL.read.1.tlog
C:\Users\Student\Desktop\SO_Git\lab09-tasks\win\8-dean\Debug\CL.write.1.tlog
C:\USERS\STUDENT\DESKTOP\SO_GIT\LAB09-TASKS\WIN\8-DEAN\DEBUG\DORM_ROOM.OBJ
C:\Users\Student\Desktop\SO_Git\lab09-tasks\win\8-dean\Debug\link.2632.read.1.tlog
C:\Users\Student\Desktop\SO_Git\lab09-tasks\win\8-dean\Debug\link.2632.write.1.tlog
C:\Users\Student\Desktop\SO_Git\lab09-tasks\win\8-dean\Debug\link.2632-cvtres.read.1.tlog
C:\Users\Student\Desktop\SO_Git\lab09-tasks\win\8-dean\Debug\link.2632-cvtres.write.1.tlog
C:\Users\Student\Desktop\SO_Git\lab09-tasks\win\8-dean\Debug\link.command.1.tlog
C:\Users\Student\Desktop\SO_Git\lab09-tasks\win\8-dean\Debug\link.read.1.tlog
C:\Users\Student\Desktop\SO_Git\lab09-tasks\win\8-dean\Debug\link.write.1.tlog
C:\Users\Student\Desktop\SO_Git\lab09-tasks\win\8-dean\Debug\link-cvtres.read.1.tlog
C:\Users\Student\Desktop\SO_Git\lab09-tasks\win\8-dean\Debug\link-cvtres.write.1.tlog
C:\Users\Student\Desktop\SO_Git\lab09-tasks\win\8-dean\Debug\mt.command.1.tlog
C:\Users\Student\Desktop\SO_Git\lab09-tasks\win\8-dean\Debug\mt.read.1.tlog
C:\Users\Student\Desktop\SO_Git\lab09-tasks\win\8-dean\Debug\mt.write.1.tlog
C:\Users\Student\Desktop\SO_Git\lab09-tasks\win\8-dean\Debug\rc.command.1.tlog
C:\Users\Student\Desktop\SO_Git\lab09-tasks\win\8-dean\Debug\rc.read.1.tlog
C:\Users\Student\Desktop\SO_Git\lab09-tasks\win\8-dean\Debug\rc.write.1.tlog
C:\Users\Student\Desktop\SO_Git\lab09-tasks\win\8-dean\Debug\vc100.idb
C:\USERS\STUDENT\DESKTOP\SO_GIT\LAB09-TASKS\WIN\8-DEAN\DEBUG\VC100.PDB
C:\USERS\STUDENT\DESKTOP\SO_GIT\LAB09-TASKS\WIN\DEBUG\8-DEAN.EXE
C:\USERS\STUDENT\DESKTOP\SO_GIT\LAB09-TASKS\WIN\DEBUG\8-DEAN.ILK
C:\USERS\STUDENT\DESKTOP\SO_GIT\LAB09-TASKS\WIN\DEBUG\8-DEAN.PDB
