C:\USERS\STUDENT\DESKTOP\SO_GIT\LAB09-TASKS\WIN\3-INTERLOCKED\DEBUG\3-INTERLOCKED.EXE.EMBED.MANIFEST
C:\USERS\STUDENT\DESKTOP\SO_GIT\LAB09-TASKS\WIN\3-INTERLOCKED\DEBUG\3-INTERLOCKED.EXE.EMBED.MANIFEST.RES
C:\USERS\STUDENT\DESKTOP\SO_GIT\LAB09-TASKS\WIN\3-INTERLOCKED\DEBUG\3-INTERLOCKED.EXE.INTERMEDIATE.MANIFEST
C:\Users\Student\Desktop\SO_Git\lab09-tasks\win\3-interlocked\Debug\3-interlocked_manifest.rc
C:\Users\Student\Desktop\SO_Git\lab09-tasks\win\3-interlocked\Debug\cl.command.1.tlog
C:\Users\Student\Desktop\SO_Git\lab09-tasks\win\3-interlocked\Debug\CL.read.1.tlog
C:\Users\Student\Desktop\SO_Git\lab09-tasks\win\3-interlocked\Debug\CL.write.1.tlog
C:\USERS\STUDENT\DESKTOP\SO_GIT\LAB09-TASKS\WIN\3-INTERLOCKED\DEBUG\INTERLOCKED.OBJ
C:\Users\Student\Desktop\SO_Git\lab09-tasks\win\3-interlocked\Debug\link.848.read.1.tlog
C:\Users\Student\Desktop\SO_Git\lab09-tasks\win\3-interlocked\Debug\link.848.write.1.tlog
C:\Users\Student\Desktop\SO_Git\lab09-tasks\win\3-interlocked\Debug\link.848-cvtres.read.1.tlog
C:\Users\Student\Desktop\SO_Git\lab09-tasks\win\3-interlocked\Debug\link.848-cvtres.write.1.tlog
C:\Users\Student\Desktop\SO_Git\lab09-tasks\win\3-interlocked\Debug\link.command.1.tlog
C:\Users\Student\Desktop\SO_Git\lab09-tasks\win\3-interlocked\Debug\link.read.1.tlog
C:\Users\Student\Desktop\SO_Git\lab09-tasks\win\3-interlocked\Debug\link.write.1.tlog
C:\Users\Student\Desktop\SO_Git\lab09-tasks\win\3-interlocked\Debug\link-cvtres.read.1.tlog
C:\Users\Student\Desktop\SO_Git\lab09-tasks\win\3-interlocked\Debug\link-cvtres.write.1.tlog
C:\Users\Student\Desktop\SO_Git\lab09-tasks\win\3-interlocked\Debug\mt.command.1.tlog
C:\Users\Student\Desktop\SO_Git\lab09-tasks\win\3-interlocked\Debug\mt.read.1.tlog
C:\Users\Student\Desktop\SO_Git\lab09-tasks\win\3-interlocked\Debug\mt.write.1.tlog
C:\Users\Student\Desktop\SO_Git\lab09-tasks\win\3-interlocked\Debug\rc.command.1.tlog
C:\Users\Student\Desktop\SO_Git\lab09-tasks\win\3-interlocked\Debug\rc.read.1.tlog
C:\Users\Student\Desktop\SO_Git\lab09-tasks\win\3-interlocked\Debug\rc.write.1.tlog
C:\Users\Student\Desktop\SO_Git\lab09-tasks\win\3-interlocked\Debug\vc100.idb
C:\USERS\STUDENT\DESKTOP\SO_GIT\LAB09-TASKS\WIN\3-INTERLOCKED\DEBUG\VC100.PDB
C:\USERS\STUDENT\DESKTOP\SO_GIT\LAB09-TASKS\WIN\DEBUG\3-INTERLOCKED.EXE
C:\USERS\STUDENT\DESKTOP\SO_GIT\LAB09-TASKS\WIN\DEBUG\3-INTERLOCKED.ILK
C:\USERS\STUDENT\DESKTOP\SO_GIT\LAB09-TASKS\WIN\DEBUG\3-INTERLOCKED.PDB
