C:\USERS\STUDENT\DESKTOP\SO_GIT\LAB09-TASKS\WIN\1-THREADING\DEBUG\1-THREADING.EXE.EMBED.MANIFEST
C:\USERS\STUDENT\DESKTOP\SO_GIT\LAB09-TASKS\WIN\1-THREADING\DEBUG\1-THREADING.EXE.EMBED.MANIFEST.RES
C:\USERS\STUDENT\DESKTOP\SO_GIT\LAB09-TASKS\WIN\1-THREADING\DEBUG\1-THREADING.EXE.INTERMEDIATE.MANIFEST
C:\Users\Student\Desktop\SO_Git\lab09-tasks\win\1-threading\Debug\1-threading_manifest.rc
C:\Users\Student\Desktop\SO_Git\lab09-tasks\win\1-threading\Debug\cl.command.1.tlog
C:\Users\Student\Desktop\SO_Git\lab09-tasks\win\1-threading\Debug\CL.read.1.tlog
C:\Users\Student\Desktop\SO_Git\lab09-tasks\win\1-threading\Debug\CL.write.1.tlog
C:\Users\Student\Desktop\SO_Git\lab09-tasks\win\1-threading\Debug\link.3140.read.1.tlog
C:\Users\Student\Desktop\SO_Git\lab09-tasks\win\1-threading\Debug\link.3140.write.1.tlog
C:\Users\Student\Desktop\SO_Git\lab09-tasks\win\1-threading\Debug\link.3140-cvtres.read.1.tlog
C:\Users\Student\Desktop\SO_Git\lab09-tasks\win\1-threading\Debug\link.3140-cvtres.write.1.tlog
C:\Users\Student\Desktop\SO_Git\lab09-tasks\win\1-threading\Debug\link.command.1.tlog
C:\Users\Student\Desktop\SO_Git\lab09-tasks\win\1-threading\Debug\link.read.1.tlog
C:\Users\Student\Desktop\SO_Git\lab09-tasks\win\1-threading\Debug\link.write.1.tlog
C:\Users\Student\Desktop\SO_Git\lab09-tasks\win\1-threading\Debug\link-cvtres.read.1.tlog
C:\Users\Student\Desktop\SO_Git\lab09-tasks\win\1-threading\Debug\link-cvtres.write.1.tlog
C:\Users\Student\Desktop\SO_Git\lab09-tasks\win\1-threading\Debug\mt.command.1.tlog
C:\Users\Student\Desktop\SO_Git\lab09-tasks\win\1-threading\Debug\mt.read.1.tlog
C:\Users\Student\Desktop\SO_Git\lab09-tasks\win\1-threading\Debug\mt.write.1.tlog
C:\Users\Student\Desktop\SO_Git\lab09-tasks\win\1-threading\Debug\rc.command.1.tlog
C:\Users\Student\Desktop\SO_Git\lab09-tasks\win\1-threading\Debug\rc.read.1.tlog
C:\Users\Student\Desktop\SO_Git\lab09-tasks\win\1-threading\Debug\rc.write.1.tlog
C:\USERS\STUDENT\DESKTOP\SO_GIT\LAB09-TASKS\WIN\1-THREADING\DEBUG\THREADS.OBJ
C:\Users\Student\Desktop\SO_Git\lab09-tasks\win\1-threading\Debug\vc100.idb
C:\USERS\STUDENT\DESKTOP\SO_GIT\LAB09-TASKS\WIN\1-THREADING\DEBUG\VC100.PDB
C:\USERS\STUDENT\DESKTOP\SO_GIT\LAB09-TASKS\WIN\DEBUG\1-THREADING.EXE
C:\USERS\STUDENT\DESKTOP\SO_GIT\LAB09-TASKS\WIN\DEBUG\1-THREADING.ILK
C:\USERS\STUDENT\DESKTOP\SO_GIT\LAB09-TASKS\WIN\DEBUG\1-THREADING.PDB
