C:\USERS\STUDENT\DESKTOP\SO_GIT\LAB09-TASKS\WIN\2-DEBUG\DEBUG\2-DEBUG.EXE.EMBED.MANIFEST
C:\USERS\STUDENT\DESKTOP\SO_GIT\LAB09-TASKS\WIN\2-DEBUG\DEBUG\2-DEBUG.EXE.EMBED.MANIFEST.RES
C:\USERS\STUDENT\DESKTOP\SO_GIT\LAB09-TASKS\WIN\2-DEBUG\DEBUG\2-DEBUG.EXE.INTERMEDIATE.MANIFEST
C:\USERS\STUDENT\DESKTOP\SO_GIT\LAB09-TASKS\WIN\2-DEBUG\DEBUG\2-DEBUG.OBJ
C:\Users\Student\Desktop\SO_Git\lab09-tasks\win\2-debug\Debug\2-debug_manifest.rc
C:\Users\Student\Desktop\SO_Git\lab09-tasks\win\2-debug\Debug\cl.command.1.tlog
C:\Users\Student\Desktop\SO_Git\lab09-tasks\win\2-debug\Debug\CL.read.1.tlog
C:\Users\Student\Desktop\SO_Git\lab09-tasks\win\2-debug\Debug\CL.write.1.tlog
C:\Users\Student\Desktop\SO_Git\lab09-tasks\win\2-debug\Debug\link.3252.read.1.tlog
C:\Users\Student\Desktop\SO_Git\lab09-tasks\win\2-debug\Debug\link.3252.write.1.tlog
C:\Users\Student\Desktop\SO_Git\lab09-tasks\win\2-debug\Debug\link.3252-cvtres.read.1.tlog
C:\Users\Student\Desktop\SO_Git\lab09-tasks\win\2-debug\Debug\link.3252-cvtres.write.1.tlog
C:\Users\Student\Desktop\SO_Git\lab09-tasks\win\2-debug\Debug\link.command.1.tlog
C:\Users\Student\Desktop\SO_Git\lab09-tasks\win\2-debug\Debug\link.read.1.tlog
C:\Users\Student\Desktop\SO_Git\lab09-tasks\win\2-debug\Debug\link.write.1.tlog
C:\Users\Student\Desktop\SO_Git\lab09-tasks\win\2-debug\Debug\link-cvtres.read.1.tlog
C:\Users\Student\Desktop\SO_Git\lab09-tasks\win\2-debug\Debug\link-cvtres.write.1.tlog
C:\Users\Student\Desktop\SO_Git\lab09-tasks\win\2-debug\Debug\mt.command.1.tlog
C:\Users\Student\Desktop\SO_Git\lab09-tasks\win\2-debug\Debug\mt.read.1.tlog
C:\Users\Student\Desktop\SO_Git\lab09-tasks\win\2-debug\Debug\mt.write.1.tlog
C:\Users\Student\Desktop\SO_Git\lab09-tasks\win\2-debug\Debug\rc.command.1.tlog
C:\Users\Student\Desktop\SO_Git\lab09-tasks\win\2-debug\Debug\rc.read.1.tlog
C:\Users\Student\Desktop\SO_Git\lab09-tasks\win\2-debug\Debug\rc.write.1.tlog
C:\Users\Student\Desktop\SO_Git\lab09-tasks\win\2-debug\Debug\vc100.idb
C:\USERS\STUDENT\DESKTOP\SO_GIT\LAB09-TASKS\WIN\2-DEBUG\DEBUG\VC100.PDB
C:\USERS\STUDENT\DESKTOP\SO_GIT\LAB09-TASKS\WIN\DEBUG\2-DEBUG.EXE
C:\USERS\STUDENT\DESKTOP\SO_GIT\LAB09-TASKS\WIN\DEBUG\2-DEBUG.ILK
C:\USERS\STUDENT\DESKTOP\SO_GIT\LAB09-TASKS\WIN\DEBUG\2-DEBUG.PDB
