C:\USERS\STUDENT\DESKTOP\SO_GIT\LAB09-TASKS\WIN\5-TIMER\DEBUG\5-TIMER.EXE.EMBED.MANIFEST
C:\USERS\STUDENT\DESKTOP\SO_GIT\LAB09-TASKS\WIN\5-TIMER\DEBUG\5-TIMER.EXE.EMBED.MANIFEST.RES
C:\USERS\STUDENT\DESKTOP\SO_GIT\LAB09-TASKS\WIN\5-TIMER\DEBUG\5-TIMER.EXE.INTERMEDIATE.MANIFEST
C:\Users\Student\Desktop\SO_Git\lab09-tasks\win\5-timer\Debug\5-timer_manifest.rc
C:\Users\Student\Desktop\SO_Git\lab09-tasks\win\5-timer\Debug\cl.command.1.tlog
C:\Users\Student\Desktop\SO_Git\lab09-tasks\win\5-timer\Debug\CL.read.1.tlog
C:\Users\Student\Desktop\SO_Git\lab09-tasks\win\5-timer\Debug\CL.write.1.tlog
C:\Users\Student\Desktop\SO_Git\lab09-tasks\win\5-timer\Debug\link.3952.read.1.tlog
C:\Users\Student\Desktop\SO_Git\lab09-tasks\win\5-timer\Debug\link.3952.write.1.tlog
C:\Users\Student\Desktop\SO_Git\lab09-tasks\win\5-timer\Debug\link.3952-cvtres.read.1.tlog
C:\Users\Student\Desktop\SO_Git\lab09-tasks\win\5-timer\Debug\link.3952-cvtres.write.1.tlog
C:\Users\Student\Desktop\SO_Git\lab09-tasks\win\5-timer\Debug\link.command.1.tlog
C:\Users\Student\Desktop\SO_Git\lab09-tasks\win\5-timer\Debug\link.read.1.tlog
C:\Users\Student\Desktop\SO_Git\lab09-tasks\win\5-timer\Debug\link.write.1.tlog
C:\Users\Student\Desktop\SO_Git\lab09-tasks\win\5-timer\Debug\link-cvtres.read.1.tlog
C:\Users\Student\Desktop\SO_Git\lab09-tasks\win\5-timer\Debug\link-cvtres.write.1.tlog
C:\Users\Student\Desktop\SO_Git\lab09-tasks\win\5-timer\Debug\mt.command.1.tlog
C:\Users\Student\Desktop\SO_Git\lab09-tasks\win\5-timer\Debug\mt.read.1.tlog
C:\Users\Student\Desktop\SO_Git\lab09-tasks\win\5-timer\Debug\mt.write.1.tlog
C:\Users\Student\Desktop\SO_Git\lab09-tasks\win\5-timer\Debug\rc.command.1.tlog
C:\Users\Student\Desktop\SO_Git\lab09-tasks\win\5-timer\Debug\rc.read.1.tlog
C:\Users\Student\Desktop\SO_Git\lab09-tasks\win\5-timer\Debug\rc.write.1.tlog
C:\USERS\STUDENT\DESKTOP\SO_GIT\LAB09-TASKS\WIN\5-TIMER\DEBUG\TIMER.OBJ
C:\Users\Student\Desktop\SO_Git\lab09-tasks\win\5-timer\Debug\vc100.idb
C:\USERS\STUDENT\DESKTOP\SO_GIT\LAB09-TASKS\WIN\5-TIMER\DEBUG\VC100.PDB
C:\USERS\STUDENT\DESKTOP\SO_GIT\LAB09-TASKS\WIN\DEBUG\5-TIMER.EXE
C:\USERS\STUDENT\DESKTOP\SO_GIT\LAB09-TASKS\WIN\DEBUG\5-TIMER.ILK
C:\USERS\STUDENT\DESKTOP\SO_GIT\LAB09-TASKS\WIN\DEBUG\5-TIMER.PDB
